<?xml version="1.0" encoding="UTF-8"?>
<testsuite xmlns:xsi="http://www.w3.org/2001/XMLSchema-instance" xsi:noNamespaceSchemaLocation="https://maven.apache.org/surefire/maven-surefire-plugin/xsd/surefire-test-report.xsd" version="3.0.2" name="com.cwhite56.amtrec.UserRepositoryTest" time="1.332" tests="3" errors="0" skipped="0" failures="0" flakes="0">
  <properties>
[...]
</properties>
  <testcase name="testThatUserCanBeUpdated" classname="com.cwhite56.amtrec.UserRepositoryTest" time="0.191">
    <system-out><![CDATA[2026-08-19T12:15:48.209-04:00  INFO 39684 --- [           main] t.c.s.AnnotationConfigContextLoaderUtils : Could not detect default configuration classes for test class [com.cwhite56.amtrec.UserRepositoryTest]: UserRepositoryTest does not declare any static, non-private, non-final, nested classes annotated with @Configuration.
2026-08-19T12:15:48.213-04:00  INFO 39684 --- [           main] .b.t.c.SpringBootTestContextBootstrapper : Found @SpringBootConfiguration com.cwhite56.amtrec.AmtrecApplication for test class com.cwhite56.amtrec.UserRepositoryTest
2026-08-19T12:15:48.215-04:00  INFO 39684 --- [           main] t.c.s.AnnotationConfigContextLoaderUtils : Could not detect default configuration classes for test class [com.cwhite56.amtrec.UserRepositoryTest]: UserRepositoryTest does not declare any static, non-private, non-final, nested classes annotated with @Configuration.
2026-08-19T12:15:48.216-04:00  INFO 39684 --- [           main] .b.t.c.SpringBootTestContextBootstrapper : Found @SpringBootConfiguration com.cwhite56.amtrec.AmtrecApplication for test class com.cwhite56.amtrec.UserRepositoryTest
2026-08-19T12:15:48.406-04:00  INFO 39684 --- [           main] j.LocalContainerEntityManagerFactoryBean : Closing JPA EntityManagerFactory for persistence unit 'default'
2026-08-19T12:15:48.409-04:00  INFO 39684 --- [           main] com.zaxxer.hikari.HikariDataSource       : HikariPool-1 - Shutdown initiated...
2026-08-19T12:15:48.412-04:00  INFO 39684 --- [           main] com.zaxxer.hikari.HikariDataSource       : HikariPool-1 - Shutdown completed.
]]></system-out>
  </testcase>
  <testcase name="testThatUserCanBeDeleted" classname="com.cwhite56.amtrec.UserRepositoryTest" time="0.074">
    <system-out><![CDATA[
  .   ____          _            __ _ _
 /\\ / ___'_ __ _ _(_)_ __  __ _ \ \ \ \
( ( )\___ | '_ | '_| | '_ \/ _` | \ \ \ \
 \\/  ___)| |_)| | | | | || (_| |  ) ) ) )
  '  |____| .__|_| |_|_| |_\__, | / / / /
 =========|_|==============|___/=/_/_/_/

 :: Spring Boot ::                (v4.1.0)

2026-08-19T12:15:48.440-04:00  INFO 39684 --- [           main] com.cwhite56.amtrec.UserRepositoryTest   : Starting UserRepositoryTest using Java 21.0.11 with PID 39684 (started by cwhite56 in /home/cwhite56/Development/Java/Amtrec)
2026-08-19T12:15:48.441-04:00  INFO 39684 --- [           main] com.cwhite56.amtrec.UserRepositoryTest   : No active profile set, falling back to 1 default profile: "default"
2026-08-19T12:15:48.613-04:00  INFO 39684 --- [           main] .s.d.r.c.RepositoryConfigurationDelegate : Bootstrapping Spring Data JPA repositories in DEFAULT mode.
2026-08-19T12:15:48.622-04:00  INFO 39684 --- [           main] .s.d.r.c.RepositoryConfigurationDelegate : Finished Spring Data repository scanning in 7 ms. Found 2 JPA repository interfaces.
2026-08-19T12:15:48.690-04:00  INFO 39684 --- [           main] org.hibernate.orm.jpa                    : HHH008540: Processing PersistenceUnitInfo [name: default]
2026-08-19T12:15:48.706-04:00  INFO 39684 --- [           main] o.s.o.j.p.SpringPersistenceUnitInfo      : No LoadTimeWeaver setup: ignoring JPA class transformer
2026-08-19T12:15:48.707-04:00  INFO 39684 --- [           main] com.zaxxer.hikari.HikariDataSource       : HikariPool-2 - Starting...
2026-08-19T12:15:48.710-04:00  INFO 39684 --- [           main] com.zaxxer.hikari.pool.HikariPool        : HikariPool-2 - Added connection conn10: url=jdbc:h2:mem:testdb user=SA
2026-08-19T12:15:48.710-04:00  INFO 39684 --- [           main] com.zaxxer.hikari.HikariDataSource       : HikariPool-2 - Start completed.
2026-08-19T12:15:48.711-04:00  INFO 39684 --- [           main] org.hibernate.orm.connections.pooling    : HHH10001005: Database info:
	Database JDBC URL [jdbc:h2:mem:testdb]
	Database driver: H2 JDBC Driver
	Database dialect: H2Dialect
	Database version: 2.4.240
	Default catalog/schema: testdb/public
	Autocommit mode: undefined/unknown
	Isolation level: READ_COMMITTED [default READ_COMMITTED]
	JDBC fetch size: 100
	Pool: DataSourceConnectionProvider
	Minimum pool size: undefined/unknown
	Maximum pool size: undefined/unknown
2026-08-19T12:15:48.764-04:00  INFO 39684 --- [           main] org.hibernate.orm.core                   : HHH000489: No JTA platform available (set 'hibernate.transaction.jta.platform' to enable JTA platform integration)
2026-08-19T12:15:48.769-04:00  INFO 39684 --- [           main] j.LocalContainerEntityManagerFactoryBean : Initialized JPA EntityManagerFactory for persistence unit 'default'
2026-08-19T12:15:48.825-04:00  WARN 39684 --- [           main] JpaBaseConfiguration$JpaWebConfiguration : spring.jpa.open-in-view is enabled by default. Therefore, database queries may be performed during view rendering. Explicitly configure spring.jpa.open-in-view to disable this warning
2026-08-19T12:15:48.853-04:00  INFO 39684 --- [           main] r$InitializeUserDetailsManagerConfigurer : Global AuthenticationManager configured with UserDetailsService bean with name userDetailsService
2026-08-19T12:15:48.987-04:00  INFO 39684 --- [           main] com.cwhite56.amtrec.UserRepositoryTest   : Started UserRepositoryTest in 0.571 seconds (process running for 6.459)
2026-08-19T12:15:49.030-04:00  INFO 39684 --- [           main] j.LocalContainerEntityManagerFactoryBean : Closing JPA EntityManagerFactory for persistence unit 'default'
2026-08-19T12:15:49.032-04:00  INFO 39684 --- [           main] com.zaxxer.hikari.HikariDataSource       : HikariPool-2 - Shutdown initiated...
2026-08-19T12:15:49.062-04:00  INFO 39684 --- [           main] com.zaxxer.hikari.HikariDataSource       : HikariPool-2 - Shutdown completed.
]]></system-out>
  </testcase>
  <testcase name="testThatUserCanBeCreatedAndRecalled" classname="com.cwhite56.amtrec.UserRepositoryTest" time="0.04">
    <system-out><![CDATA[
  .   ____          _            __ _ _
 /\\ / ___'_ __ _ _(_)_ __  __ _ \ \ \ \
( ( )\___ | '_ | '_| | '_ \/ _` | \ \ \ \
 \\/  ___)| |_)| | | | | || (_| |  ) ) ) )
  '  |____| .__|_| |_|_| |_\__, | / / / /
 =========|_|==============|___/=/_/_/_/

 :: Spring Boot ::                (v4.1.0)

2026-08-19T12:15:49.090-04:00  INFO 39684 --- [           main] com.cwhite56.amtrec.UserRepositoryTest   : Starting UserRepositoryTest using Java 21.0.11 with PID 39684 (started by cwhite56 in /home/cwhite56/Development/Java/Amtrec)
2026-08-19T12:15:49.090-04:00  INFO 39684 --- [           main] com.cwhite56.amtrec.UserRepositoryTest   : No active profile set, falling back to 1 default profile: "default"
2026-08-19T12:15:49.198-04:00  INFO 39684 --- [           main] .s.d.r.c.RepositoryConfigurationDelegate : Bootstrapping Spring Data JPA repositories in DEFAULT mode.
2026-08-19T12:15:49.205-04:00  INFO 39684 --- [           main] .s.d.r.c.RepositoryConfigurationDelegate : Finished Spring Data repository scanning in 5 ms. Found 2 JPA repository interfaces.
2026-08-19T12:15:49.262-04:00  INFO 39684 --- [           main] org.hibernate.orm.jpa                    : HHH008540: Processing PersistenceUnitInfo [name: default]
2026-08-19T12:15:49.276-04:00  INFO 39684 --- [           main] o.s.o.j.p.SpringPersistenceUnitInfo      : No LoadTimeWeaver setup: ignoring JPA class transformer
2026-08-19T12:15:49.277-04:00  INFO 39684 --- [           main] com.zaxxer.hikari.HikariDataSource       : HikariPool-3 - Starting...
2026-08-19T12:15:49.279-04:00  INFO 39684 --- [           main] com.zaxxer.hikari.pool.HikariPool        : HikariPool-3 - Added connection conn19: url=jdbc:h2:mem:testdb user=SA
2026-08-19T12:15:49.279-04:00  INFO 39684 --- [           main] com.zaxxer.hikari.HikariDataSource       : HikariPool-3 - Start completed.
2026-08-19T12:15:49.280-04:00  INFO 39684 --- [           main] org.hibernate.orm.connections.pooling    : HHH10001005: Database info:
	Database JDBC URL [jdbc:h2:mem:testdb]
	Database driver: H2 JDBC Driver
	Database dialect: H2Dialect
	Database version: 2.4.240
	Default catalog/schema: testdb/public
	Autocommit mode: undefined/unknown
	Isolation level: READ_COMMITTED [default READ_COMMITTED]
	JDBC fetch size: 100
	Pool: DataSourceConnectionProvider
	Minimum pool size: undefined/unknown
	Maximum pool size: undefined/unknown
2026-08-19T12:15:49.320-04:00  INFO 39684 --- [           main] org.hibernate.orm.core                   : HHH000489: No JTA platform available (set 'hibernate.transaction.jta.platform' to enable JTA platform integration)
2026-08-19T12:15:49.325-04:00  INFO 39684 --- [           main] j.LocalContainerEntityManagerFactoryBean : Initialized JPA EntityManagerFactory for persistence unit 'default'
2026-08-19T12:15:49.364-04:00  WARN 39684 --- [           main] JpaBaseConfiguration$JpaWebConfiguration : spring.jpa.open-in-view is enabled by default. Therefore, database queries may be performed during view rendering. Explicitly configure spring.jpa.open-in-view to disable this warning
2026-08-19T12:15:49.382-04:00  INFO 39684 --- [           main] r$InitializeUserDetailsManagerConfigurer : Global AuthenticationManager configured with UserDetailsService bean with name userDetailsService
2026-08-19T12:15:49.495-04:00  INFO 39684 --- [           main] com.cwhite56.amtrec.UserRepositoryTest   : Started UserRepositoryTest in 0.427 seconds (process running for 6.967)
2026-08-19T12:15:49.509-04:00  INFO 39684 --- [           main] j.LocalContainerEntityManagerFactoryBean : Closing JPA EntityManagerFactory for persistence unit 'default'
2026-08-19T12:15:49.511-04:00  INFO 39684 --- [           main] com.zaxxer.hikari.HikariDataSource       : HikariPool-3 - Shutdown initiated...
2026-08-19T12:15:49.535-04:00  INFO 39684 --- [           main] com.zaxxer.hikari.HikariDataSource       : HikariPool-3 - Shutdown completed.
]]></system-out>
  </testcase>
</testsuite>